2024-08-16 08:56:21.015  INFO 3828 --- [main] c.c.periferia.alfa.core.CoreApplication  : Starting CoreApplication on PE-HO-1093 with PID 3828 (started by duvanrodriguez in C:\repositorios\SEGUROS ALFA\SIPFACTEL\back\sipfactel_back\core)
2024-08-16 08:56:21.016  INFO 3828 --- [main] c.c.periferia.alfa.core.CoreApplication  : The following profiles are active: dev-l
2024-08-16 08:56:22.587  INFO 3828 --- [main] c.c.p.alfa.core.AppConfigurationJNDI     : initializing tomcat factory... 
2024-08-16 08:56:27.497  INFO 3828 --- [main] c.c.p.alfa.core.AppConfigurationJNDI     : Ingreso a credenciales
2024-08-16 08:56:32.047  INFO 3828 --- [main] c.c.p.a.c.controller.DelcopController    : Sprint 5 - Hora envio del metodo sp: 0 */1 * ? * * 
2024-08-16 08:56:32.101  INFO 3828 --- [main] c.c.p.a.c.controller.DelcopController    : Hora envio del metodo reenvioFacturasNotas: 0 */59 * ? * * 
2024-08-16 08:56:32.891  INFO 3828 --- [main] c.c.periferia.alfa.core.CoreApplication  : Started CoreApplication in 12.281 seconds (JVM running for 12.812)
2024-08-16 08:56:33.068  INFO 3828 --- [main] c.c.periferia.alfa.core.CoreApplication  : Inicia aplicacion
2024-08-16 09:06:59.713  INFO 28528 --- [main] c.c.periferia.alfa.core.CoreApplication  : Starting CoreApplication on PE-HO-1093 with PID 28528 (started by duvanrodriguez in C:\repositorios\SEGUROS ALFA\SIPFACTEL\back\sipfactel_back\core)
2024-08-16 09:06:59.714  INFO 28528 --- [main] c.c.periferia.alfa.core.CoreApplication  : The following profiles are active: dev-l
2024-08-16 09:07:01.314  INFO 28528 --- [main] c.c.p.alfa.core.AppConfigurationJNDI     : initializing tomcat factory... 
2024-08-16 09:07:03.752  INFO 28528 --- [main] c.c.p.alfa.core.AppConfigurationJNDI     : Ingreso a credenciales
2024-08-16 09:07:07.941  INFO 28528 --- [main] c.c.p.a.c.controller.DelcopController    : Sprint 5 - Hora envio del metodo sp: 0 */1 * ? * * 
2024-08-16 09:07:07.986  INFO 28528 --- [main] c.c.p.a.c.controller.DelcopController    : Hora envio del metodo reenvioFacturasNotas: 0 */59 * ? * * 
2024-08-16 09:07:08.679  INFO 28528 --- [main] c.c.periferia.alfa.core.CoreApplication  : Started CoreApplication in 9.39 seconds (JVM running for 9.925)
2024-08-16 09:07:08.854  INFO 28528 --- [main] c.c.periferia.alfa.core.CoreApplication  : Inicia aplicacion
2024-08-16 09:07:11.076 ERROR 28528 --- [http-nio-8080-exec-1] c.c.p.a.c.j.JwtAuthenticationEntryPoint  : Responding with unauthorized error. Message - Full authentication is required to access this resource
2024-08-16 09:07:11.169 ERROR 28528 --- [http-nio-8080-exec-2] c.c.p.a.c.j.JwtAuthenticationEntryPoint  : Responding with unauthorized error. Message - Full authentication is required to access this resource
2024-08-16 09:19:54.702  INFO 19340 --- [main] c.c.periferia.alfa.core.CoreApplication  : Starting CoreApplication on PE-HO-1093 with PID 19340 (started by duvanrodriguez in C:\repositorios\SEGUROS ALFA\SIPFACTEL\back\sipfactel_back\core)
2024-08-16 09:19:54.703  INFO 19340 --- [main] c.c.periferia.alfa.core.CoreApplication  : The following profiles are active: dev-l
2024-08-16 09:19:56.260  INFO 19340 --- [main] c.c.p.alfa.core.AppConfigurationJNDI     : initializing tomcat factory... 
2024-08-16 09:19:58.459  INFO 19340 --- [main] c.c.p.alfa.core.AppConfigurationJNDI     : Ingreso a credenciales
2024-08-16 09:20:02.526  INFO 19340 --- [main] c.c.p.a.c.controller.DelcopController    : Sprint 5 - Hora envio del metodo sp: 0 */1 * ? * * 
2024-08-16 09:20:02.570  INFO 19340 --- [main] c.c.p.a.c.controller.DelcopController    : Hora envio del metodo reenvioFacturasNotas: 0 */59 * ? * * 
2024-08-16 09:20:03.251  INFO 19340 --- [main] c.c.periferia.alfa.core.CoreApplication  : Started CoreApplication in 8.964 seconds (JVM running for 9.441)
2024-08-16 09:20:03.412  INFO 19340 --- [main] c.c.periferia.alfa.core.CoreApplication  : Inicia aplicacion
2024-08-16 09:21:22.166  INFO 21340 --- [main] c.c.periferia.alfa.core.CoreApplication  : Starting CoreApplication on PE-HO-1093 with PID 21340 (started by duvanrodriguez in C:\repositorios\SEGUROS ALFA\SIPFACTEL\back\sipfactel_back\core)
2024-08-16 09:21:22.167  INFO 21340 --- [main] c.c.periferia.alfa.core.CoreApplication  : The following profiles are active: dev-l
2024-08-16 09:21:24.212  INFO 21340 --- [main] c.c.p.alfa.core.AppConfigurationJNDI     : initializing tomcat factory... 
2024-08-16 09:21:26.578  INFO 21340 --- [main] c.c.p.alfa.core.AppConfigurationJNDI     : Ingreso a credenciales
2024-08-16 09:21:30.894  INFO 21340 --- [main] c.c.p.a.c.controller.DelcopController    : Sprint 5 - Hora envio del metodo sp: 0 */1 * ? * * 
2024-08-16 09:21:30.937  INFO 21340 --- [main] c.c.p.a.c.controller.DelcopController    : Hora envio del metodo reenvioFacturasNotas: 0 */59 * ? * * 
2024-08-16 09:21:31.723  INFO 21340 --- [main] c.c.periferia.alfa.core.CoreApplication  : Started CoreApplication in 10.058 seconds (JVM running for 10.688)
2024-08-16 09:21:31.882  INFO 21340 --- [main] c.c.periferia.alfa.core.CoreApplication  : Inicia aplicacion
2024-08-16 09:21:54.717  INFO 21340 --- [http-nio-8080-exec-1] c.c.p.a.c.c.AuthenticationController     : AuthenticationController: inicio servicio de logout, parametros | http: SecurityContextHolderAwareRequestWrapper[ co.com.periferia.alfa.core.jwt.CachedBodyHttpServletRequest@e43e9fd]
2024-08-16 09:21:54.717  INFO 21340 --- [http-nio-8080-exec-1] c.c.p.a.c.s.i.AuthenticationServiceImpl  : AuthenticationServiceImpl: Ingreso al metodo logOut, parametro - ip 0:0:0:0:0:0:0:1 
2024-08-16 09:21:54.757  INFO 21340 --- [http-nio-8080-exec-1] c.c.p.a.c.c.AuthenticationController     : AuthenticationController: termino servicio de logout
2024-08-16 09:24:29.243  INFO 21340 --- [http-nio-8080-exec-5] c.c.p.a.c.c.AuthenticationController     : AuthenticationController: inicio servicio de signin, parametros | loginRequest: co.com.periferia.alfa.core.dto.LoginRequestDTO@7eae5372 | http: SecurityContextHolderAwareRequestWrapper[ co.com.periferia.alfa.core.jwt.CachedBodyHttpServletRequest@3079453b] 
2024-08-16 09:24:29.243  INFO 21340 --- [http-nio-8080-exec-5] c.c.p.a.c.s.i.AuthenticationServiceImpl  : AuthenticationServiceImpl: Ingreso a metodo authenticateUser, parametros | loginRequest: co.com.periferia.alfa.core.dto.LoginRequestDTO@7eae5372 | http: SecurityContextHolderAwareRequestWrapper[ co.com.periferia.alfa.core.jwt.CachedBodyHttpServletRequest@3079453b] 
2024-08-16 09:24:30.630  INFO 21340 --- [http-nio-8080-exec-5] c.c.p.a.c.s.impl.AlertasServiceImpl      : Consulta parametros para realizar la validacion 
2024-08-16 09:24:30.707  INFO 21340 --- [http-nio-8080-exec-5] c.c.p.a.c.s.impl.AlertasServiceImpl      : Consulta lista de resoluciones activas para hacer los calculos 
2024-08-16 09:24:30.767  INFO 21340 --- [http-nio-8080-exec-5] c.c.p.a.c.s.impl.AlertasServiceImpl      : Recorro las resoluciones para validar cada una de ellas y armar la lista de alertas
2024-08-16 09:24:30.864  INFO 21340 --- [http-nio-8080-exec-5] c.c.p.a.c.s.impl.AlertasServiceImpl      : Inicio calculo porcentaje para facturas 
2024-08-16 09:24:30.912  INFO 21340 --- [http-nio-8080-exec-5] c.c.p.a.c.s.impl.AlertasServiceImpl      : Inicio calculo porcentaje para nota credito
2024-08-16 09:24:30.942  INFO 21340 --- [http-nio-8080-exec-5] c.c.p.a.c.s.impl.AlertasServiceImpl      : Inicio calculo porcentaje para nota credito
2024-08-16 09:24:30.978  INFO 21340 --- [http-nio-8080-exec-5] c.c.p.a.c.s.impl.AlertasServiceImpl      : Inicio calculo porcentaje para nota credito
2024-08-16 09:24:31.032  INFO 21340 --- [http-nio-8080-exec-5] c.c.p.a.c.s.impl.AlertasServiceImpl      : Inicio calculo porcentaje para nota credito
2024-08-16 09:24:31.082  INFO 21340 --- [http-nio-8080-exec-5] c.c.p.a.c.s.impl.AlertasServiceImpl      : Inicio calculo porcentaje para nota credito
2024-08-16 09:24:31.126  INFO 21340 --- [http-nio-8080-exec-5] c.c.p.a.c.s.impl.AlertasServiceImpl      : Inicio calculo porcentaje para nota credito
2024-08-16 09:24:31.157  INFO 21340 --- [http-nio-8080-exec-5] c.c.p.a.c.s.impl.AlertasServiceImpl      : Inicio calculo porcentaje para nota credito
2024-08-16 09:24:31.201  INFO 21340 --- [http-nio-8080-exec-5] c.c.p.a.c.s.impl.AlertasServiceImpl      : Inicio calculo porcentaje para nota credito
2024-08-16 09:24:31.234  INFO 21340 --- [http-nio-8080-exec-5] c.c.p.a.c.s.impl.AlertasServiceImpl      : Inicio calculo porcentaje para nota credito
2024-08-16 09:24:31.297  INFO 21340 --- [http-nio-8080-exec-5] c.c.p.a.c.s.impl.AlertasServiceImpl      : Inicio calculo porcentaje para nota credito
2024-08-16 09:24:31.361  INFO 21340 --- [http-nio-8080-exec-5] c.c.p.a.c.s.impl.AlertasServiceImpl      : Inicio calculo porcentaje para nota credito
2024-08-16 09:24:31.395  INFO 21340 --- [http-nio-8080-exec-5] c.c.p.a.c.s.impl.AlertasServiceImpl      : Inicio calculo porcentaje para nota credito
2024-08-16 09:24:31.432  INFO 21340 --- [http-nio-8080-exec-5] c.c.p.a.c.s.impl.AlertasServiceImpl      : Inicio calculo porcentaje para nota credito
2024-08-16 09:24:31.460  INFO 21340 --- [http-nio-8080-exec-5] c.c.p.a.c.s.impl.AlertasServiceImpl      : Inicio calculo porcentaje para nota credito
2024-08-16 09:24:31.517  INFO 21340 --- [http-nio-8080-exec-5] c.c.p.a.c.s.impl.AlertasServiceImpl      : Inicio calculo porcentaje para nota credito
2024-08-16 09:24:31.580  INFO 21340 --- [http-nio-8080-exec-5] c.c.p.a.c.s.impl.AlertasServiceImpl      : Inicio calculo porcentaje para nota credito
2024-08-16 09:24:31.609  INFO 21340 --- [http-nio-8080-exec-5] c.c.p.a.c.s.impl.AlertasServiceImpl      : Inicio calculo porcentaje para nota credito
2024-08-16 09:24:31.639  INFO 21340 --- [http-nio-8080-exec-5] c.c.p.a.c.s.impl.AlertasServiceImpl      : Inicio calculo porcentaje para nota credito
2024-08-16 09:24:31.737  INFO 21340 --- [http-nio-8080-exec-5] c.c.p.a.c.c.AuthenticationController     : Respuesta exitosa al hacer login co.com.periferia.alfa.core.dto.RespuestaDTO@75efb5b3
2024-08-16 09:24:31.737  INFO 21340 --- [http-nio-8080-exec-5] c.c.p.a.c.c.AuthenticationController     : AuthenticationController: Termino el servicio de signin
2024-08-16 09:24:34.231  INFO 21340 --- [http-nio-8080-exec-6] c.c.p.a.c.c.AuthenticationController     : AuthenticationController: inicio servicio de logout, parametros | http: SecurityContextHolderAwareRequestWrapper[ co.com.periferia.alfa.core.jwt.CachedBodyHttpServletRequest@7a868e1c]
2024-08-16 09:24:34.231  INFO 21340 --- [http-nio-8080-exec-6] c.c.p.a.c.s.i.AuthenticationServiceImpl  : AuthenticationServiceImpl: Ingreso al metodo logOut, parametro - ip 0:0:0:0:0:0:0:1 
2024-08-16 09:24:34.234  INFO 21340 --- [http-nio-8080-exec-2] c.c.p.a.c.c.AuthenticationController     : AuthenticationController: inicio servicio de logout, parametros | http: SecurityContextHolderAwareRequestWrapper[ co.com.periferia.alfa.core.jwt.CachedBodyHttpServletRequest@35e8b3a8]
2024-08-16 09:24:34.235  INFO 21340 --- [http-nio-8080-exec-2] c.c.p.a.c.s.i.AuthenticationServiceImpl  : AuthenticationServiceImpl: Ingreso al metodo logOut, parametro - ip 0:0:0:0:0:0:0:1 
2024-08-16 09:24:34.262  INFO 21340 --- [http-nio-8080-exec-6] c.c.p.a.c.c.AuthenticationController     : AuthenticationController: termino servicio de logout
2024-08-16 09:24:34.275  INFO 21340 --- [http-nio-8080-exec-2] c.c.p.a.c.c.AuthenticationController     : AuthenticationController: termino servicio de logout
2024-08-16 09:24:59.616  INFO 17748 --- [main] c.c.periferia.alfa.core.CoreApplication  : Starting CoreApplication on PE-HO-1093 with PID 17748 (started by duvanrodriguez in C:\repositorios\SEGUROS ALFA\SIPFACTEL\back\sipfactel_back\core)
2024-08-16 09:24:59.618  INFO 17748 --- [main] c.c.periferia.alfa.core.CoreApplication  : The following profiles are active: qa-w
2024-08-16 09:25:01.168  INFO 17748 --- [main] c.c.p.alfa.core.AppConfigurationJNDI     : initializing tomcat factory... 
2024-08-16 09:25:03.462  INFO 17748 --- [main] c.c.p.alfa.core.AppConfigurationJNDI     : Ingreso a credenciales
2024-08-16 09:25:03.466 ERROR 17748 --- [main] c.c.p.alfa.core.AppConfigurationJNDI     : ERROR factory... Name [JDBC/SIPFACTELV2] is not bound in this Context. Unable to find [JDBC].
2024-08-16 09:25:03.475 ERROR 17748 --- [main] o.s.b.web.embedded.tomcat.TomcatStarter  : Error starting Tomcat context. Exception: org.springframework.beans.factory.BeanCreationException. Message: Error creating bean with name 'servletEndpointRegistrar' defined in class path resource [org/springframework/boot/actuate/autoconfigure/endpoint/web/ServletEndpointManagementContextConfiguration$WebMvcServletEndpointManagementContextConfiguration.class]: Bean instantiation via factory method failed; nested exception is org.springframework.beans.BeanInstantiationException: Failed to instantiate [org.springframework.boot.actuate.endpoint.web.ServletEndpointRegistrar]: Factory method 'servletEndpointRegistrar' threw exception; nested exception is org.springframework.beans.factory.UnsatisfiedDependencyException: Error creating bean with name 'healthEndpoint' defined in class path resource [org/springframework/boot/actuate/autoconfigure/health/HealthEndpointConfiguration.class]: Unsatisfied dependency expressed through method 'healthEndpoint' parameter 0; nested exception is org.springframework.beans.factory.BeanCreationException: Error creating bean with name 'healthContributorRegistry' defined in class path resource [org/springframework/boot/actuate/autoconfigure/health/HealthEndpointConfiguration.class]: Bean instantiation via factory method failed; nested exception is org.springframework.beans.BeanInstantiationException: Failed to instantiate [org.springframework.boot.actuate.health.HealthContributorRegistry]: Factory method 'healthContributorRegistry' threw exception; nested exception is org.springframework.beans.factory.BeanCreationException: Error creating bean with name 'dbHealthContributor' defined in class path resource [org/springframework/boot/actuate/autoconfigure/jdbc/DataSourceHealthContributorAutoConfiguration.class]: Bean instantiation via factory method failed; nested exception is org.springframework.beans.BeanInstantiationException: Failed to instantiate [org.springframework.boot.actuate.health.HealthContributor]: Factory method 'dbHealthContributor' threw exception; nested exception is java.lang.IllegalArgumentException: Beans must not be empty
2024-08-16 09:25:03.517 ERROR 17748 --- [main] o.s.boot.SpringApplication               : Application run failed

org.springframework.context.ApplicationContextException: Unable to start web server; nested exception is org.springframework.boot.web.server.WebServerException: Unable to start embedded Tomcat
	at org.springframework.boot.web.servlet.context.ServletWebServerApplicationContext.onRefresh(ServletWebServerApplicationContext.java:156)
	at org.springframework.context.support.AbstractApplicationContext.refresh(AbstractApplicationContext.java:544)
	at org.springframework.boot.web.servlet.context.ServletWebServerApplicationContext.refresh(ServletWebServerApplicationContext.java:141)
	at org.springframework.boot.SpringApplication.refresh(SpringApplication.java:747)
	at org.springframework.boot.SpringApplication.refreshContext(SpringApplication.java:397)
	at org.springframework.boot.SpringApplication.run(SpringApplication.java:315)
	at org.springframework.boot.builder.SpringApplicationBuilder.run(SpringApplicationBuilder.java:140)
	at co.com.periferia.alfa.core.CoreApplication.main(CoreApplication.java:25)
Caused by: org.springframework.boot.web.server.WebServerException: Unable to start embedded Tomcat
	at org.springframework.boot.web.embedded.tomcat.TomcatWebServer.initialize(TomcatWebServer.java:126)
	at org.springframework.boot.web.embedded.tomcat.TomcatWebServer.<init>(TomcatWebServer.java:88)
	at co.com.periferia.alfa.core.AppConfigurationJNDI$1.getTomcatWebServer(AppConfigurationJNDI.java:62)
	at org.springframework.boot.web.embedded.tomcat.TomcatServletWebServerFactory.getWebServer(TomcatServletWebServerFactory.java:191)
	at org.springframework.boot.web.servlet.context.ServletWebServerApplicationContext.createWebServer(ServletWebServerApplicationContext.java:180)
	at org.springframework.boot.web.servlet.context.ServletWebServerApplicationContext.onRefresh(ServletWebServerApplicationContext.java:153)
	... 7 common frames omitted
Caused by: org.springframework.beans.factory.BeanCreationException: Error creating bean with name 'servletEndpointRegistrar' defined in class path resource [org/springframework/boot/actuate/autoconfigure/endpoint/web/ServletEndpointManagementContextConfiguration$WebMvcServletEndpointManagementContextConfiguration.class]: Bean instantiation via factory method failed; nested exception is org.springframework.beans.BeanInstantiationException: Failed to instantiate [org.springframework.boot.actuate.endpoint.web.ServletEndpointRegistrar]: Factory method 'servletEndpointRegistrar' threw exception; nested exception is org.springframework.beans.factory.UnsatisfiedDependencyException: Error creating bean with name 'healthEndpoint' defined in class path resource [org/springframework/boot/actuate/autoconfigure/health/HealthEndpointConfiguration.class]: Unsatisfied dependency expressed through method 'healthEndpoint' parameter 0; nested exception is org.springframework.beans.factory.BeanCreationException: Error creating bean with name 'healthContributorRegistry' defined in class path resource [org/springframework/boot/actuate/autoconfigure/health/HealthEndpointConfiguration.class]: Bean instantiation via factory method failed; nested exception is org.springframework.beans.BeanInstantiationException: Failed to instantiate [org.springframework.boot.actuate.health.HealthContributorRegistry]: Factory method 'healthContributorRegistry' threw exception; nested exception is org.springframework.beans.factory.BeanCreationException: Error creating bean with name 'dbHealthContributor' defined in class path resource [org/springframework/boot/actuate/autoconfigure/jdbc/DataSourceHealthContributorAutoConfiguration.class]: Bean instantiation via factory method failed; nested exception is org.springframework.beans.BeanInstantiationException: Failed to instantiate [org.springframework.boot.actuate.health.HealthContributor]: Factory method 'dbHealthContributor' threw exception; nested exception is java.lang.IllegalArgumentException: Beans must not be empty
	at org.springframework.beans.factory.support.ConstructorResolver.instantiate(ConstructorResolver.java:656)
	at org.springframework.beans.factory.support.ConstructorResolver.instantiateUsingFactoryMethod(ConstructorResolver.java:636)
	at org.springframework.beans.factory.support.AbstractAutowireCapableBeanFactory.instantiateUsingFactoryMethod(AbstractAutowireCapableBeanFactory.java:1338)
	at org.springframework.beans.factory.support.AbstractAutowireCapableBeanFactory.createBeanInstance(AbstractAutowireCapableBeanFactory.java:1177)
	at org.springframework.beans.factory.support.AbstractAutowireCapableBeanFactory.doCreateBean(AbstractAutowireCapableBeanFactory.java:557)
	at org.springframework.beans.factory.support.AbstractAutowireCapableBeanFactory.createBean(AbstractAutowireCapableBeanFactory.java:517)
	at org.springframework.beans.factory.support.AbstractBeanFactory.lambda$doGetBean$0(AbstractBeanFactory.java:323)
	at org.springframework.beans.factory.support.DefaultSingletonBeanRegistry.getSingleton(DefaultSingletonBeanRegistry.java:222)
	at org.springframework.beans.factory.support.AbstractBeanFactory.doGetBean(AbstractBeanFactory.java:321)
	at org.springframework.beans.factory.support.AbstractBeanFactory.getBean(AbstractBeanFactory.java:207)
	at org.springframework.boot.web.servlet.ServletContextInitializerBeans.getOrderedBeansOfType(ServletContextInitializerBeans.java:211)
	at org.springframework.boot.web.servlet.ServletContextInitializerBeans.getOrderedBeansOfType(ServletContextInitializerBeans.java:202)
	at org.springframework.boot.web.servlet.ServletContextInitializerBeans.addServletContextInitializerBeans(ServletContextInitializerBeans.java:96)
	at org.springframework.boot.web.servlet.ServletContextInitializerBeans.<init>(ServletContextInitializerBeans.java:85)
	at org.springframework.boot.web.servlet.context.ServletWebServerApplicationContext.getServletContextInitializerBeans(ServletWebServerApplicationContext.java:253)
	at org.springframework.boot.web.servlet.context.ServletWebServerApplicationContext.selfInitialize(ServletWebServerApplicationContext.java:227)
	at org.springframework.boot.web.embedded.tomcat.TomcatStarter.onStartup(TomcatStarter.java:53)
	at org.apache.catalina.core.StandardContext.startInternal(StandardContext.java:5128)
	at org.apache.catalina.util.LifecycleBase.start(LifecycleBase.java:183)
	at org.apache.catalina.core.ContainerBase$StartChild.call(ContainerBase.java:1384)
	at org.apache.catalina.core.ContainerBase$StartChild.call(ContainerBase.java:1374)
	at java.util.concurrent.FutureTask.run(FutureTask.java:266)
	at org.apache.tomcat.util.threads.InlineExecutorService.execute(InlineExecutorService.java:75)
	at java.util.concurrent.AbstractExecutorService.submit(AbstractExecutorService.java:134)
	at org.apache.catalina.core.ContainerBase.startInternal(ContainerBase.java:909)
	at org.apache.catalina.core.StandardHost.startInternal(StandardHost.java:841)
	at org.apache.catalina.util.LifecycleBase.start(LifecycleBase.java:183)
	at org.apache.catalina.core.ContainerBase$StartChild.call(ContainerBase.java:1384)
	at org.apache.catalina.core.ContainerBase$StartChild.call(ContainerBase.java:1374)
	at java.util.concurrent.FutureTask.run(FutureTask.java:266)
	at org.apache.tomcat.util.threads.InlineExecutorService.execute(InlineExecutorService.java:75)
	at java.util.concurrent.AbstractExecutorService.submit(AbstractExecutorService.java:134)
	at org.apache.catalina.core.ContainerBase.startInternal(ContainerBase.java:909)
	at org.apache.catalina.core.StandardEngine.startInternal(StandardEngine.java:262)
	at org.apache.catalina.util.LifecycleBase.start(LifecycleBase.java:183)
	at org.apache.catalina.core.StandardService.startInternal(StandardService.java:421)
	at org.apache.catalina.util.LifecycleBase.start(LifecycleBase.java:183)
	at org.apache.catalina.core.StandardServer.startInternal(StandardServer.java:930)
	at org.apache.catalina.util.LifecycleBase.start(LifecycleBase.java:183)
	at org.apache.catalina.startup.Tomcat.start(Tomcat.java:468)
	at org.springframework.boot.web.embedded.tomcat.TomcatWebServer.initialize(TomcatWebServer.java:107)
	... 12 common frames omitted
Caused by: org.springframework.beans.BeanInstantiationException: Failed to instantiate [org.springframework.boot.actuate.endpoint.web.ServletEndpointRegistrar]: Factory method 'servletEndpointRegistrar' threw exception; nested exception is org.springframework.beans.factory.UnsatisfiedDependencyException: Error creating bean with name 'healthEndpoint' defined in class path resource [org/springframework/boot/actuate/autoconfigure/health/HealthEndpointConfiguration.class]: Unsatisfied dependency expressed through method 'healthEndpoint' parameter 0; nested exception is org.springframework.beans.factory.BeanCreationException: Error creating bean with name 'healthContributorRegistry' defined in class path resource [org/springframework/boot/actuate/autoconfigure/health/HealthEndpointConfiguration.class]: Bean instantiation via factory method failed; nested exception is org.springframework.beans.BeanInstantiationException: Failed to instantiate [org.springframework.boot.actuate.health.HealthContributorRegistry]: Factory method 'healthContributorRegistry' threw exception; nested exception is org.springframework.beans.factory.BeanCreationException: Error creating bean with name 'dbHealthContributor' defined in class path resource [org/springframework/boot/actuate/autoconfigure/jdbc/DataSourceHealthContributorAutoConfiguration.class]: Bean instantiation via factory method failed; nested exception is org.springframework.beans.BeanInstantiationException: Failed to instantiate [org.springframework.boot.actuate.health.HealthContributor]: Factory method 'dbHealthContributor' threw exception; nested exception is java.lang.IllegalArgumentException: Beans must not be empty
	at org.springframework.beans.factory.support.SimpleInstantiationStrategy.instantiate(SimpleInstantiationStrategy.java:185)
	at org.springframework.beans.factory.support.ConstructorResolver.instantiate(ConstructorResolver.java:651)
	... 52 common frames omitted
Caused by: org.springframework.beans.factory.UnsatisfiedDependencyException: Error creating bean with name 'healthEndpoint' defined in class path resource [org/springframework/boot/actuate/autoconfigure/health/HealthEndpointConfiguration.class]: Unsatisfied dependency expressed through method 'healthEndpoint' parameter 0; nested exception is org.springframework.beans.factory.BeanCreationException: Error creating bean with name 'healthContributorRegistry' defined in class path resource [org/springframework/boot/actuate/autoconfigure/health/HealthEndpointConfiguration.class]: Bean instantiation via factory method failed; nested exception is org.springframework.beans.BeanInstantiationException: Failed to instantiate [org.springframework.boot.actuate.health.HealthContributorRegistry]: Factory method 'healthContributorRegistry' threw exception; nested exception is org.springframework.beans.factory.BeanCreationException: Error creating bean with name 'dbHealthContributor' defined in class path resource [org/springframework/boot/actuate/autoconfigure/jdbc/DataSourceHealthContributorAutoConfiguration.class]: Bean instantiation via factory method failed; nested exception is org.springframework.beans.BeanInstantiationException: Failed to instantiate [org.springframework.boot.actuate.health.HealthContributor]: Factory method 'dbHealthContributor' threw exception; nested exception is java.lang.IllegalArgumentException: Beans must not be empty
	at org.springframework.beans.factory.support.ConstructorResolver.createArgumentArray(ConstructorResolver.java:798)
	at org.springframework.beans.factory.support.ConstructorResolver.instantiateUsingFactoryMethod(ConstructorResolver.java:539)
	at org.springframework.beans.factory.support.AbstractAutowireCapableBeanFactory.instantiateUsingFactoryMethod(AbstractAutowireCapableBeanFactory.java:1338)
	at org.springframework.beans.factory.support.AbstractAutowireCapableBeanFactory.createBeanInstance(AbstractAutowireCapableBeanFactory.java:1177)
	at org.springframework.beans.factory.support.AbstractAutowireCapableBeanFactory.doCreateBean(AbstractAutowireCapableBeanFactory.java:557)
	at org.springframework.beans.factory.support.AbstractAutowireCapableBeanFactory.createBean(AbstractAutowireCapableBeanFactory.java:517)
	at org.springframework.beans.factory.support.AbstractBeanFactory.lambda$doGetBean$0(AbstractBeanFactory.java:323)
	at org.springframework.beans.factory.support.DefaultSingletonBeanRegistry.getSingleton(DefaultSingletonBeanRegistry.java:222)
	at org.springframework.beans.factory.support.AbstractBeanFactory.doGetBean(AbstractBeanFactory.java:321)
	at org.springframework.beans.factory.support.AbstractBeanFactory.getBean(AbstractBeanFactory.java:202)
	at org.springframework.context.support.AbstractApplicationContext.getBean(AbstractApplicationContext.java:1108)
	at org.springframework.boot.actuate.endpoint.annotation.EndpointDiscoverer.createEndpointBean(EndpointDiscoverer.java:143)
	at org.springframework.boot.actuate.endpoint.annotation.EndpointDiscoverer.createEndpointBeans(EndpointDiscoverer.java:133)
	at org.springframework.boot.actuate.endpoint.annotation.EndpointDiscoverer.discoverEndpoints(EndpointDiscoverer.java:122)
	at org.springframework.boot.actuate.endpoint.annotation.EndpointDiscoverer.getEndpoints(EndpointDiscoverer.java:116)
	at org.springframework.boot.actuate.autoconfigure.endpoint.web.ServletEndpointManagementContextConfiguration$WebMvcServletEndpointManagementContextConfiguration.servletEndpointRegistrar(ServletEndpointManagementContextConfiguration.java:65)
	at sun.reflect.NativeMethodAccessorImpl.invoke0(Native Method)
	at sun.reflect.NativeMethodAccessorImpl.invoke(NativeMethodAccessorImpl.java:62)
	at sun.reflect.DelegatingMethodAccessorImpl.invoke(DelegatingMethodAccessorImpl.java:43)
	at java.lang.reflect.Method.invoke(Method.java:498)
	at org.springframework.beans.factory.support.SimpleInstantiationStrategy.instantiate(SimpleInstantiationStrategy.java:154)
	... 53 common frames omitted
Caused by: org.springframework.beans.factory.BeanCreationException: Error creating bean with name 'healthContributorRegistry' defined in class path resource [org/springframework/boot/actuate/autoconfigure/health/HealthEndpointConfiguration.class]: Bean instantiation via factory method failed; nested exception is org.springframework.beans.BeanInstantiationException: Failed to instantiate [org.springframework.boot.actuate.health.HealthContributorRegistry]: Factory method 'healthContributorRegistry' threw exception; nested exception is org.springframework.beans.factory.BeanCreationException: Error creating bean with name 'dbHealthContributor' defined in class path resource [org/springframework/boot/actuate/autoconfigure/jdbc/DataSourceHealthContributorAutoConfiguration.class]: Bean instantiation via factory method failed; nested exception is org.springframework.beans.BeanInstantiationException: Failed to instantiate [org.springframework.boot.actuate.health.HealthContributor]: Factory method 'dbHealthContributor' threw exception; nested exception is java.lang.IllegalArgumentException: Beans must not be empty
	at org.springframework.beans.factory.support.ConstructorResolver.instantiate(ConstructorResolver.java:656)
	at org.springframework.beans.factory.support.ConstructorResolver.instantiateUsingFactoryMethod(ConstructorResolver.java:636)
	at org.springframework.beans.factory.support.AbstractAutowireCapableBeanFactory.instantiateUsingFactoryMethod(AbstractAutowireCapableBeanFactory.java:1338)
	at org.springframework.beans.factory.support.AbstractAutowireCapableBeanFactory.createBeanInstance(AbstractAutowireCapableBeanFactory.java:1177)
	at org.springframework.beans.factory.support.AbstractAutowireCapableBeanFactory.doCreateBean(AbstractAutowireCapableBeanFactory.java:557)
	at org.springframework.beans.factory.support.AbstractAutowireCapableBeanFactory.createBean(AbstractAutowireCapableBeanFactory.java:517)
	at org.springframework.beans.factory.support.AbstractBeanFactory.lambda$doGetBean$0(AbstractBeanFactory.java:323)
	at org.springframework.beans.factory.support.DefaultSingletonBeanRegistry.getSingleton(DefaultSingletonBeanRegistry.java:222)
	at org.springframework.beans.factory.support.AbstractBeanFactory.doGetBean(AbstractBeanFactory.java:321)
	at org.springframework.beans.factory.support.AbstractBeanFactory.getBean(AbstractBeanFactory.java:202)
	at org.springframework.beans.factory.config.DependencyDescriptor.resolveCandidate(DependencyDescriptor.java:276)
	at org.springframework.beans.factory.support.DefaultListableBeanFactory.doResolveDependency(DefaultListableBeanFactory.java:1287)
	at org.springframework.beans.factory.support.DefaultListableBeanFactory.resolveDependency(DefaultListableBeanFactory.java:1207)
	at org.springframework.beans.factory.support.ConstructorResolver.resolveAutowiredArgument(ConstructorResolver.java:885)
	at org.springframework.beans.factory.support.ConstructorResolver.createArgumentArray(ConstructorResolver.java:789)
	... 73 common frames omitted
Caused by: org.springframework.beans.BeanInstantiationException: Failed to instantiate [org.springframework.boot.actuate.health.HealthContributorRegistry]: Factory method 'healthContributorRegistry' threw exception; nested exception is org.springframework.beans.factory.BeanCreationException: Error creating bean with name 'dbHealthContributor' defined in class path resource [org/springframework/boot/actuate/autoconfigure/jdbc/DataSourceHealthContributorAutoConfiguration.class]: Bean instantiation via factory method failed; nested exception is org.springframework.beans.BeanInstantiationException: Failed to instantiate [org.springframework.boot.actuate.health.HealthContributor]: Factory method 'dbHealthContributor' threw exception; nested exception is java.lang.IllegalArgumentException: Beans must not be empty
	at org.springframework.beans.factory.support.SimpleInstantiationStrategy.instantiate(SimpleInstantiationStrategy.java:185)
	at org.springframework.beans.factory.support.ConstructorResolver.instantiate(ConstructorResolver.java:651)
	... 87 common frames omitted
Caused by: org.springframework.beans.factory.BeanCreationException: Error creating bean with name 'dbHealthContributor' defined in class path resource [org/springframework/boot/actuate/autoconfigure/jdbc/DataSourceHealthContributorAutoConfiguration.class]: Bean instantiation via factory method failed; nested exception is org.springframework.beans.BeanInstantiationException: Failed to instantiate [org.springframework.boot.actuate.health.HealthContributor]: Factory method 'dbHealthContributor' threw exception; nested exception is java.lang.IllegalArgumentException: Beans must not be empty
	at org.springframework.beans.factory.support.ConstructorResolver.instantiate(ConstructorResolver.java:656)
	at org.springframework.beans.factory.support.ConstructorResolver.instantiateUsingFactoryMethod(ConstructorResolver.java:636)
	at org.springframework.beans.factory.support.AbstractAutowireCapableBeanFactory.instantiateUsingFactoryMethod(AbstractAutowireCapableBeanFactory.java:1338)
	at org.springframework.beans.factory.support.AbstractAutowireCapableBeanFactory.createBeanInstance(AbstractAutowireCapableBeanFactory.java:1177)
	at org.springframework.beans.factory.support.AbstractAutowireCapableBeanFactory.doCreateBean(AbstractAutowireCapableBeanFactory.java:557)
	at org.springframework.beans.factory.support.AbstractAutowireCapableBeanFactory.createBean(AbstractAutowireCapableBeanFactory.java:517)
	at org.springframework.beans.factory.support.AbstractBeanFactory.lambda$doGetBean$0(AbstractBeanFactory.java:323)
	at org.springframework.beans.factory.support.DefaultSingletonBeanRegistry.getSingleton(DefaultSingletonBeanRegistry.java:222)
	at org.springframework.beans.factory.support.AbstractBeanFactory.doGetBean(AbstractBeanFactory.java:321)
	at org.springframework.beans.factory.support.AbstractBeanFactory.getBean(AbstractBeanFactory.java:202)
	at org.springframework.beans.factory.support.DefaultListableBeanFactory.getBeansOfType(DefaultListableBeanFactory.java:617)
	at org.springframework.beans.factory.support.DefaultListableBeanFactory.getBeansOfType(DefaultListableBeanFactory.java:605)
	at org.springframework.context.support.AbstractApplicationContext.getBeansOfType(AbstractApplicationContext.java:1242)
	at org.springframework.boot.actuate.autoconfigure.health.HealthEndpointConfiguration.healthContributorRegistry(HealthEndpointConfiguration.java:78)
	at sun.reflect.NativeMethodAccessorImpl.invoke0(Native Method)
	at sun.reflect.NativeMethodAccessorImpl.invoke(NativeMethodAccessorImpl.java:62)
	at sun.reflect.DelegatingMethodAccessorImpl.invoke(DelegatingMethodAccessorImpl.java:43)
	at java.lang.reflect.Method.invoke(Method.java:498)
	at org.springframework.beans.factory.support.SimpleInstantiationStrategy.instantiate(SimpleInstantiationStrategy.java:154)
	... 88 common frames omitted
Caused by: org.springframework.beans.BeanInstantiationException: Failed to instantiate [org.springframework.boot.actuate.health.HealthContributor]: Factory method 'dbHealthContributor' threw exception; nested exception is java.lang.IllegalArgumentException: Beans must not be empty
	at org.springframework.beans.factory.support.SimpleInstantiationStrategy.instantiate(SimpleInstantiationStrategy.java:185)
	at org.springframework.beans.factory.support.ConstructorResolver.instantiate(ConstructorResolver.java:651)
	... 106 common frames omitted
Caused by: java.lang.IllegalArgumentException: Beans must not be empty
	at org.springframework.util.Assert.notEmpty(Assert.java:549)
	at org.springframework.boot.actuate.autoconfigure.health.AbstractCompositeHealthContributorConfiguration.createContributor(AbstractCompositeHealthContributorConfiguration.java:52)
	at org.springframework.boot.actuate.autoconfigure.jdbc.DataSourceHealthContributorAutoConfiguration.dbHealthContributor(DataSourceHealthContributorAutoConfiguration.java:84)
	at sun.reflect.NativeMethodAccessorImpl.invoke0(Native Method)
	at sun.reflect.NativeMethodAccessorImpl.invoke(NativeMethodAccessorImpl.java:62)
	at sun.reflect.DelegatingMethodAccessorImpl.invoke(DelegatingMethodAccessorImpl.java:43)
	at java.lang.reflect.Method.invoke(Method.java:498)
	at org.springframework.beans.factory.support.SimpleInstantiationStrategy.instantiate(SimpleInstantiationStrategy.java:154)
	... 107 common frames omitted

2024-08-16 09:25:37.722  INFO 24560 --- [main] c.c.periferia.alfa.core.CoreApplication  : Starting CoreApplication on PE-HO-1093 with PID 24560 (started by duvanrodriguez in C:\repositorios\SEGUROS ALFA\SIPFACTEL\back\sipfactel_back\core)
2024-08-16 09:25:37.724  INFO 24560 --- [main] c.c.periferia.alfa.core.CoreApplication  : The following profiles are active: qa-w
2024-08-16 09:25:39.284  INFO 24560 --- [main] c.c.p.alfa.core.AppConfigurationJNDI     : initializing tomcat factory... 
2024-08-16 09:25:42.207  INFO 24560 --- [main] c.c.p.alfa.core.AppConfigurationJNDI     : Ingreso a credenciales
2024-08-16 09:25:46.691  INFO 24560 --- [main] c.c.p.a.c.controller.DelcopController    : Sprint 5 - Hora envio del metodo sp: 0 */1 * ? * * 
2024-08-16 09:25:46.739  INFO 24560 --- [main] c.c.p.a.c.controller.DelcopController    : Hora envio del metodo reenvioFacturasNotas: 0 */1 * ? * * 
2024-08-16 09:25:47.502  INFO 24560 --- [main] c.c.periferia.alfa.core.CoreApplication  : Started CoreApplication in 10.148 seconds (JVM running for 10.674)
2024-08-16 09:25:48.213  INFO 24560 --- [main] c.c.periferia.alfa.core.CoreApplication  : Inicia aplicacion
2024-08-16 09:25:55.380  INFO 24560 --- [http-nio-8080-exec-2] c.c.p.a.c.c.AuthenticationController     : AuthenticationController: inicio servicio de signin, parametros | loginRequest: co.com.periferia.alfa.core.dto.LoginRequestDTO@1e5cc4f | http: SecurityContextHolderAwareRequestWrapper[ co.com.periferia.alfa.core.jwt.CachedBodyHttpServletRequest@14b0fc67] 
2024-08-16 09:25:55.381  INFO 24560 --- [http-nio-8080-exec-2] c.c.p.a.c.s.i.AuthenticationServiceImpl  : AuthenticationServiceImpl: Ingreso a metodo authenticateUser, parametros | loginRequest: co.com.periferia.alfa.core.dto.LoginRequestDTO@1e5cc4f | http: SecurityContextHolderAwareRequestWrapper[ co.com.periferia.alfa.core.jwt.CachedBodyHttpServletRequest@14b0fc67] 
2024-08-16 09:25:55.490  INFO 24560 --- [http-nio-8080-exec-2] c.c.p.a.c.services.impl.LdapServiceImpl  : Ejecutando newldap - Parametros |usuario: ygomez | password: 123 
2024-08-16 09:25:55.558  INFO 24560 --- [http-nio-8080-exec-2] c.c.p.a.c.services.impl.LdapServiceImpl  : Dist Name: CN=Yesid Alonso Gomez Garcia,OU=Coordinacion de Proyectos,OU=Direccion de Proyectos TI,OU=Vicepresidencia de Tecnologia e Informacion,OU=ALFA,DC=segurosalfa,DC=net 
2024-08-16 09:25:55.601 ERROR 24560 --- [http-nio-8080-exec-2] c.c.p.a.c.s.i.AuthenticationServiceImpl  : Error en authenticateUser: error: [LDAP: error code 49 - 80090308: LdapErr: DSID-0C090447, comment: AcceptSecurityContext error, data 52e, v3839 ] | [com.sun.jndi.ldap.LdapCtx.mapErrorCode(LdapCtx.java:3154), com.sun.jndi.ldap.LdapCtx.processReturnCode(LdapCtx.java:3100), com.sun.jndi.ldap.LdapCtx.processReturnCode(LdapCtx.java:2886), com.sun.jndi.ldap.LdapCtx.connect(LdapCtx.java:2800), com.sun.jndi.ldap.LdapCtx.<init>(LdapCtx.java:319), com.sun.jndi.ldap.LdapCtxFactory.getUsingURL(LdapCtxFactory.java:192), com.sun.jndi.ldap.LdapCtxFactory.getUsingURLs(LdapCtxFactory.java:210), com.sun.jndi.ldap.LdapCtxFactory.getLdapCtxInstance(LdapCtxFactory.java:153), com.sun.jndi.ldap.LdapCtxFactory.getInitialContext(LdapCtxFactory.java:83), javax.naming.spi.NamingManager.getInitialContext(NamingManager.java:684), javax.naming.InitialContext.getDefaultInitCtx(InitialContext.java:313), javax.naming.InitialContext.init(InitialContext.java:244), javax.naming.InitialContext.<init>(InitialContext.java:216), javax.naming.directory.InitialDirContext.<init>(InitialDirContext.java:101), co.com.periferia.alfa.core.services.impl.LdapServiceImpl.newldap(LdapServiceImpl.java:92), co.com.periferia.alfa.core.services.impl.AuthenticationServiceImpl.authLdap(AuthenticationServiceImpl.java:166), co.com.periferia.alfa.core.services.impl.AuthenticationServiceImpl.authenticateUser(AuthenticationServiceImpl.java:121), co.com.periferia.alfa.core.controller.AuthenticationController.authenticateUsers(AuthenticationController.java:52), sun.reflect.NativeMethodAccessorImpl.invoke0(Native Method), sun.reflect.NativeMethodAccessorImpl.invoke(NativeMethodAccessorImpl.java:62), sun.reflect.DelegatingMethodAccessorImpl.invoke(DelegatingMethodAccessorImpl.java:43), java.lang.reflect.Method.invoke(Method.java:498), org.springframework.web.method.support.InvocableHandlerMethod.doInvoke(InvocableHandlerMethod.java:190), org.springframework.web.method.support.InvocableHandlerMethod.invokeForRequest(InvocableHandlerMethod.java:138), org.springframework.web.servlet.mvc.method.annotation.ServletInvocableHandlerMethod.invokeAndHandle(ServletInvocableHandlerMethod.java:106), org.springframework.web.servlet.mvc.method.annotation.RequestMappingHandlerAdapter.invokeHandlerMethod(RequestMappingHandlerAdapter.java:888), org.springframework.web.servlet.mvc.method.annotation.RequestMappingHandlerAdapter.handleInternal(RequestMappingHandlerAdapter.java:793), org.springframework.web.servlet.mvc.method.AbstractHandlerMethodAdapter.handle(AbstractHandlerMethodAdapter.java:87), org.springframework.web.servlet.DispatcherServlet.doDispatch(DispatcherServlet.java:1040), org.springframework.web.servlet.DispatcherServlet.doService(DispatcherServlet.java:943), org.springframework.web.servlet.FrameworkServlet.processRequest(FrameworkServlet.java:1006), org.springframework.web.servlet.FrameworkServlet.doPost(FrameworkServlet.java:909), javax.servlet.http.HttpServlet.service(HttpServlet.java:660), org.springframework.web.servlet.FrameworkServlet.service(FrameworkServlet.java:883), javax.servlet.http.HttpServlet.service(HttpServlet.java:741), org.apache.catalina.core.ApplicationFilterChain.internalDoFilter(ApplicationFilterChain.java:231), org.apache.catalina.core.ApplicationFilterChain.doFilter(ApplicationFilterChain.java:166), org.apache.tomcat.websocket.server.WsFilter.doFilter(WsFilter.java:53), org.apache.catalina.core.ApplicationFilterChain.internalDoFilter(ApplicationFilterChain.java:193), org.apache.catalina.core.ApplicationFilterChain.doFilter(ApplicationFilterChain.java:166), org.springframework.web.filter.OncePerRequestFilter.doFilter(OncePerRequestFilter.java:113), org.apache.catalina.core.ApplicationFilterChain.internalDoFilter(ApplicationFilterChain.java:193), org.apache.catalina.core.ApplicationFilterChain.doFilter(ApplicationFilterChain.java:166), org.springframework.web.filter.OncePerRequestFilter.doFilter(OncePerRequestFilter.java:113), org.apache.catalina.core.ApplicationFilterChain.internalDoFilter(ApplicationFilterChain.java:193), org.apache.catalina.core.ApplicationFilterChain.doFilter(ApplicationFilterChain.java:166), org.springframework.security.web.FilterChainProxy$VirtualFilterChain.doFilter(FilterChainProxy.java:320), org.springframework.security.web.access.intercept.FilterSecurityInterceptor.invoke(FilterSecurityInterceptor.java:126), org.springframework.security.web.access.intercept.FilterSecurityInterceptor.doFilter(FilterSecurityInterceptor.java:90), org.springframework.security.web.FilterChainProxy$VirtualFilterChain.doFilter(FilterChainProxy.java:334), org.springframework.security.web.access.ExceptionTranslationFilter.doFilter(ExceptionTranslationFilter.java:118), org.springframework.security.web.FilterChainProxy$VirtualFilterChain.doFilter(FilterChainProxy.java:334), org.springframework.security.web.session.SessionManagementFilter.doFilter(SessionManagementFilter.java:137), org.springframework.security.web.FilterChainProxy$VirtualFilterChain.doFilter(FilterChainProxy.java:334), org.springframework.security.web.authentication.AnonymousAuthenticationFilter.doFilter(AnonymousAuthenticationFilter.java:111), org.springframework.security.web.FilterChainProxy$VirtualFilterChain.doFilter(FilterChainProxy.java:334), org.springframework.security.web.servletapi.SecurityContextHolderAwareRequestFilter.doFilter(SecurityContextHolderAwareRequestFilter.java:158), org.springframework.security.web.FilterChainProxy$VirtualFilterChain.doFilter(FilterChainProxy.java:334), org.springframework.security.web.savedrequest.RequestCacheAwareFilter.doFilter(RequestCacheAwareFilter.java:63), org.springframework.security.web.FilterChainProxy$VirtualFilterChain.doFilter(FilterChainProxy.java:334), co.com.periferia.alfa.core.jwt.JwtAuthenticationFilter.doFilterInternal(JwtAuthenticationFilter.java:105), org.springframework.web.filter.OncePerRequestFilter.doFilter(OncePerRequestFilter.java:119), org.springframework.security.web.FilterChainProxy$VirtualFilterChain.doFilter(FilterChainProxy.java:334), org.springframework.security.web.authentication.logout.LogoutFilter.doFilter(LogoutFilter.java:116), org.springframework.security.web.FilterChainProxy$VirtualFilterChain.doFilter(FilterChainProxy.java:334), org.springframework.web.filter.CorsFilter.doFilterInternal(CorsFilter.java:92), org.springframework.web.filter.OncePerRequestFilter.doFilter(OncePerRequestFilter.java:119), org.springframework.security.web.FilterChainProxy$VirtualFilterChain.doFilter(FilterChainProxy.java:334), org.springframework.security.web.header.HeaderWriterFilter.doHeadersAfter(HeaderWriterFilter.java:92), org.springframework.security.web.header.HeaderWriterFilter.doFilterInternal(HeaderWriterFilter.java:77), org.springframework.web.filter.OncePerRequestFilter.doFilter(OncePerRequestFilter.java:119), org.springframework.security.web.FilterChainProxy$VirtualFilterChain.doFilter(FilterChainProxy.java:334), org.springframework.security.web.context.SecurityContextPersistenceFilter.doFilter(SecurityContextPersistenceFilter.java:105), org.springframework.security.web.FilterChainProxy$VirtualFilterChain.doFilter(FilterChainProxy.java:334), org.springframework.security.web.context.request.async.WebAsyncManagerIntegrationFilter.doFilterInternal(WebAsyncManagerIntegrationFilter.java:56), org.springframework.web.filter.OncePerRequestFilter.doFilter(OncePerRequestFilter.java:119), org.springframework.security.web.FilterChainProxy$VirtualFilterChain.doFilter(FilterChainProxy.java:334), org.springframework.security.web.FilterChainProxy.doFilterInternal(FilterChainProxy.java:215), org.springframework.security.web.FilterChainProxy.doFilter(FilterChainProxy.java:178), org.springframework.web.filter.DelegatingFilterProxy.invokeDelegate(DelegatingFilterProxy.java:358), org.springframework.web.filter.DelegatingFilterProxy.doFilter(DelegatingFilterProxy.java:271), org.apache.catalina.core.ApplicationFilterChain.internalDoFilter(ApplicationFilterChain.java:193), org.apache.catalina.core.ApplicationFilterChain.doFilter(ApplicationFilterChain.java:166), org.springframework.web.filter.RequestContextFilter.doFilterInternal(RequestContextFilter.java:100), org.springframework.web.filter.OncePerRequestFilter.doFilter(OncePerRequestFilter.java:119), org.apache.catalina.core.ApplicationFilterChain.internalDoFilter(ApplicationFilterChain.java:193), org.apache.catalina.core.ApplicationFilterChain.doFilter(ApplicationFilterChain.java:166), org.springframework.web.filter.FormContentFilter.doFilterInternal(FormContentFilter.java:93), org.springframework.web.filter.OncePerRequestFilter.doFilter(OncePerRequestFilter.java:119), org.apache.catalina.core.ApplicationFilterChain.internalDoFilter(ApplicationFilterChain.java:193), org.apache.catalina.core.ApplicationFilterChain.doFilter(ApplicationFilterChain.java:166), org.springframework.boot.actuate.metrics.web.servlet.WebMvcMetricsFilter.doFilterInternal(WebMvcMetricsFilter.java:108), org.springframework.web.filter.OncePerRequestFilter.doFilter(OncePerRequestFilter.java:119), org.apache.catalina.core.ApplicationFilterChain.internalDoFilter(ApplicationFilterChain.java:193), org.apache.catalina.core.ApplicationFilterChain.doFilter(ApplicationFilterChain.java:166), org.springframework.web.filter.CharacterEncodingFilter.doFilterInternal(CharacterEncodingFilter.java:201), org.springframework.web.filter.OncePerRequestFilter.doFilter(OncePerRequestFilter.java:119), org.apache.catalina.core.ApplicationFilterChain.internalDoFilter(ApplicationFilterChain.java:193), org.apache.catalina.core.ApplicationFilterChain.doFilter(ApplicationFilterChain.java:166), org.apache.catalina.core.StandardWrapperValve.invoke(StandardWrapperValve.java:202), org.apache.catalina.core.StandardContextValve.invoke(StandardContextValve.java:96), org.apache.catalina.authenticator.AuthenticatorBase.invoke(AuthenticatorBase.java:541), org.apache.catalina.core.StandardHostValve.invoke(StandardHostValve.java:139), org.apache.catalina.valves.ErrorReportValve.invoke(ErrorReportValve.java:92), org.apache.catalina.core.StandardEngineValve.invoke(StandardEngineValve.java:74), org.apache.catalina.connector.CoyoteAdapter.service(CoyoteAdapter.java:343), org.apache.coyote.http11.Http11Processor.service(Http11Processor.java:373), org.apache.coyote.AbstractProcessorLight.process(AbstractProcessorLight.java:65), org.apache.coyote.AbstractProtocol$ConnectionHandler.process(AbstractProtocol.java:868), org.apache.tomcat.util.net.NioEndpoint$SocketProcessor.doRun(NioEndpoint.java:1590), org.apache.tomcat.util.net.SocketProcessorBase.run(SocketProcessorBase.java:49), java.util.concurrent.ThreadPoolExecutor.runWorker(ThreadPoolExecutor.java:1149), java.util.concurrent.ThreadPoolExecutor$Worker.run(ThreadPoolExecutor.java:624), org.apache.tomcat.util.threads.TaskThread$WrappingRunnable.run(TaskThread.java:61), java.lang.Thread.run(Thread.java:748)] 
2024-08-16 09:25:55.602 ERROR 24560 --- [http-nio-8080-exec-2] c.c.p.a.c.s.i.AuthenticationServiceImpl  : Error en metodo authenticateUser, boolean auten = false 
2024-08-16 09:25:55.603 ERROR 24560 --- [http-nio-8080-exec-2] c.c.p.a.c.c.AuthenticationController     : Respuesta fallida al hacer login, error: Usuario y/o contrasea no vlido, por favor comunquese con el Administrador del sistema. | [co.com.periferia.alfa.core.exception.TipoErrorSegAlfa.crearExcepcion(TipoErrorSegAlfa.java:55), co.com.periferia.alfa.core.services.impl.AuthenticationServiceImpl.authenticateUser(AuthenticationServiceImpl.java:154), co.com.periferia.alfa.core.controller.AuthenticationController.authenticateUsers(AuthenticationController.java:52), sun.reflect.NativeMethodAccessorImpl.invoke0(Native Method), sun.reflect.NativeMethodAccessorImpl.invoke(NativeMethodAccessorImpl.java:62), sun.reflect.DelegatingMethodAccessorImpl.invoke(DelegatingMethodAccessorImpl.java:43), java.lang.reflect.Method.invoke(Method.java:498), org.springframework.web.method.support.InvocableHandlerMethod.doInvoke(InvocableHandlerMethod.java:190), org.springframework.web.method.support.InvocableHandlerMethod.invokeForRequest(InvocableHandlerMethod.java:138), org.springframework.web.servlet.mvc.method.annotation.ServletInvocableHandlerMethod.invokeAndHandle(ServletInvocableHandlerMethod.java:106), org.springframework.web.servlet.mvc.method.annotation.RequestMappingHandlerAdapter.invokeHandlerMethod(RequestMappingHandlerAdapter.java:888), org.springframework.web.servlet.mvc.method.annotation.RequestMappingHandlerAdapter.handleInternal(RequestMappingHandlerAdapter.java:793), org.springframework.web.servlet.mvc.method.AbstractHandlerMethodAdapter.handle(AbstractHandlerMethodAdapter.java:87), org.springframework.web.servlet.DispatcherServlet.doDispatch(DispatcherServlet.java:1040), org.springframework.web.servlet.DispatcherServlet.doService(DispatcherServlet.java:943), org.springframework.web.servlet.FrameworkServlet.processRequest(FrameworkServlet.java:1006), org.springframework.web.servlet.FrameworkServlet.doPost(FrameworkServlet.java:909), javax.servlet.http.HttpServlet.service(HttpServlet.java:660), org.springframework.web.servlet.FrameworkServlet.service(FrameworkServlet.java:883), javax.servlet.http.HttpServlet.service(HttpServlet.java:741), org.apache.catalina.core.ApplicationFilterChain.internalDoFilter(ApplicationFilterChain.java:231), org.apache.catalina.core.ApplicationFilterChain.doFilter(ApplicationFilterChain.java:166), org.apache.tomcat.websocket.server.WsFilter.doFilter(WsFilter.java:53), org.apache.catalina.core.ApplicationFilterChain.internalDoFilter(ApplicationFilterChain.java:193), org.apache.catalina.core.ApplicationFilterChain.doFilter(ApplicationFilterChain.java:166), org.springframework.web.filter.OncePerRequestFilter.doFilter(OncePerRequestFilter.java:113), org.apache.catalina.core.ApplicationFilterChain.internalDoFilter(ApplicationFilterChain.java:193), org.apache.catalina.core.ApplicationFilterChain.doFilter(ApplicationFilterChain.java:166), org.springframework.web.filter.OncePerRequestFilter.doFilter(OncePerRequestFilter.java:113), org.apache.catalina.core.ApplicationFilterChain.internalDoFilter(ApplicationFilterChain.java:193), org.apache.catalina.core.ApplicationFilterChain.doFilter(ApplicationFilterChain.java:166), org.springframework.security.web.FilterChainProxy$VirtualFilterChain.doFilter(FilterChainProxy.java:320), org.springframework.security.web.access.intercept.FilterSecurityInterceptor.invoke(FilterSecurityInterceptor.java:126), org.springframework.security.web.access.intercept.FilterSecurityInterceptor.doFilter(FilterSecurityInterceptor.java:90), org.springframework.security.web.FilterChainProxy$VirtualFilterChain.doFilter(FilterChainProxy.java:334), org.springframework.security.web.access.ExceptionTranslationFilter.doFilter(ExceptionTranslationFilter.java:118), org.springframework.security.web.FilterChainProxy$VirtualFilterChain.doFilter(FilterChainProxy.java:334), org.springframework.security.web.session.SessionManagementFilter.doFilter(SessionManagementFilter.java:137), org.springframework.security.web.FilterChainProxy$VirtualFilterChain.doFilter(FilterChainProxy.java:334), org.springframework.security.web.authentication.AnonymousAuthenticationFilter.doFilter(AnonymousAuthenticationFilter.java:111), org.springframework.security.web.FilterChainProxy$VirtualFilterChain.doFilter(FilterChainProxy.java:334), org.springframework.security.web.servletapi.SecurityContextHolderAwareRequestFilter.doFilter(SecurityContextHolderAwareRequestFilter.java:158), org.springframework.security.web.FilterChainProxy$VirtualFilterChain.doFilter(FilterChainProxy.java:334), org.springframework.security.web.savedrequest.RequestCacheAwareFilter.doFilter(RequestCacheAwareFilter.java:63), org.springframework.security.web.FilterChainProxy$VirtualFilterChain.doFilter(FilterChainProxy.java:334), co.com.periferia.alfa.core.jwt.JwtAuthenticationFilter.doFilterInternal(JwtAuthenticationFilter.java:105), org.springframework.web.filter.OncePerRequestFilter.doFilter(OncePerRequestFilter.java:119), org.springframework.security.web.FilterChainProxy$VirtualFilterChain.doFilter(FilterChainProxy.java:334), org.springframework.security.web.authentication.logout.LogoutFilter.doFilter(LogoutFilter.java:116), org.springframework.security.web.FilterChainProxy$VirtualFilterChain.doFilter(FilterChainProxy.java:334), org.springframework.web.filter.CorsFilter.doFilterInternal(CorsFilter.java:92), org.springframework.web.filter.OncePerRequestFilter.doFilter(OncePerRequestFilter.java:119), org.springframework.security.web.FilterChainProxy$VirtualFilterChain.doFilter(FilterChainProxy.java:334), org.springframework.security.web.header.HeaderWriterFilter.doHeadersAfter(HeaderWriterFilter.java:92), org.springframework.security.web.header.HeaderWriterFilter.doFilterInternal(HeaderWriterFilter.java:77), org.springframework.web.filter.OncePerRequestFilter.doFilter(OncePerRequestFilter.java:119), org.springframework.security.web.FilterChainProxy$VirtualFilterChain.doFilter(FilterChainProxy.java:334), org.springframework.security.web.context.SecurityContextPersistenceFilter.doFilter(SecurityContextPersistenceFilter.java:105), org.springframework.security.web.FilterChainProxy$VirtualFilterChain.doFilter(FilterChainProxy.java:334), org.springframework.security.web.context.request.async.WebAsyncManagerIntegrationFilter.doFilterInternal(WebAsyncManagerIntegrationFilter.java:56), org.springframework.web.filter.OncePerRequestFilter.doFilter(OncePerRequestFilter.java:119), org.springframework.security.web.FilterChainProxy$VirtualFilterChain.doFilter(FilterChainProxy.java:334), org.springframework.security.web.FilterChainProxy.doFilterInternal(FilterChainProxy.java:215), org.springframework.security.web.FilterChainProxy.doFilter(FilterChainProxy.java:178), org.springframework.web.filter.DelegatingFilterProxy.invokeDelegate(DelegatingFilterProxy.java:358), org.springframework.web.filter.DelegatingFilterProxy.doFilter(DelegatingFilterProxy.java:271), org.apache.catalina.core.ApplicationFilterChain.internalDoFilter(ApplicationFilterChain.java:193), org.apache.catalina.core.ApplicationFilterChain.doFilter(ApplicationFilterChain.java:166), org.springframework.web.filter.RequestContextFilter.doFilterInternal(RequestContextFilter.java:100), org.springframework.web.filter.OncePerRequestFilter.doFilter(OncePerRequestFilter.java:119), org.apache.catalina.core.ApplicationFilterChain.internalDoFilter(ApplicationFilterChain.java:193), org.apache.catalina.core.ApplicationFilterChain.doFilter(ApplicationFilterChain.java:166), org.springframework.web.filter.FormContentFilter.doFilterInternal(FormContentFilter.java:93), org.springframework.web.filter.OncePerRequestFilter.doFilter(OncePerRequestFilter.java:119), org.apache.catalina.core.ApplicationFilterChain.internalDoFilter(ApplicationFilterChain.java:193), org.apache.catalina.core.ApplicationFilterChain.doFilter(ApplicationFilterChain.java:166), org.springframework.boot.actuate.metrics.web.servlet.WebMvcMetricsFilter.doFilterInternal(WebMvcMetricsFilter.java:108), org.springframework.web.filter.OncePerRequestFilter.doFilter(OncePerRequestFilter.java:119), org.apache.catalina.core.ApplicationFilterChain.internalDoFilter(ApplicationFilterChain.java:193), org.apache.catalina.core.ApplicationFilterChain.doFilter(ApplicationFilterChain.java:166), org.springframework.web.filter.CharacterEncodingFilter.doFilterInternal(CharacterEncodingFilter.java:201), org.springframework.web.filter.OncePerRequestFilter.doFilter(OncePerRequestFilter.java:119), org.apache.catalina.core.ApplicationFilterChain.internalDoFilter(ApplicationFilterChain.java:193), org.apache.catalina.core.ApplicationFilterChain.doFilter(ApplicationFilterChain.java:166), org.apache.catalina.core.StandardWrapperValve.invoke(StandardWrapperValve.java:202), org.apache.catalina.core.StandardContextValve.invoke(StandardContextValve.java:96), org.apache.catalina.authenticator.AuthenticatorBase.invoke(AuthenticatorBase.java:541), org.apache.catalina.core.StandardHostValve.invoke(StandardHostValve.java:139), org.apache.catalina.valves.ErrorReportValve.invoke(ErrorReportValve.java:92), org.apache.catalina.core.StandardEngineValve.invoke(StandardEngineValve.java:74), org.apache.catalina.connector.CoyoteAdapter.service(CoyoteAdapter.java:343), org.apache.coyote.http11.Http11Processor.service(Http11Processor.java:373), org.apache.coyote.AbstractProcessorLight.process(AbstractProcessorLight.java:65), org.apache.coyote.AbstractProtocol$ConnectionHandler.process(AbstractProtocol.java:868), org.apache.tomcat.util.net.NioEndpoint$SocketProcessor.doRun(NioEndpoint.java:1590), org.apache.tomcat.util.net.SocketProcessorBase.run(SocketProcessorBase.java:49), java.util.concurrent.ThreadPoolExecutor.runWorker(ThreadPoolExecutor.java:1149), java.util.concurrent.ThreadPoolExecutor$Worker.run(ThreadPoolExecutor.java:624), org.apache.tomcat.util.threads.TaskThread$WrappingRunnable.run(TaskThread.java:61), java.lang.Thread.run(Thread.java:748)] 
2024-08-16 09:25:55.603  INFO 24560 --- [http-nio-8080-exec-2] c.c.p.a.c.c.AuthenticationController     : AuthenticationController: Termino el servicio de signin
2024-08-16 09:32:53.730  INFO 24128 --- [main] c.c.periferia.alfa.core.CoreApplication  : Starting CoreApplication on PE-HO-1093 with PID 24128 (started by duvanrodriguez in C:\repositorios\SEGUROS ALFA\SIPFACTEL\back\sipfactel_back\core)
2024-08-16 09:32:53.731  INFO 24128 --- [main] c.c.periferia.alfa.core.CoreApplication  : The following profiles are active: dev-l
2024-08-16 09:32:55.252  INFO 24128 --- [main] c.c.p.alfa.core.AppConfigurationJNDI     : initializing tomcat factory... 
2024-08-16 09:32:57.658  INFO 24128 --- [main] c.c.p.alfa.core.AppConfigurationJNDI     : Ingreso a credenciales
2024-08-16 09:33:01.726  INFO 24128 --- [main] c.c.p.a.c.controller.DelcopController    : Sprint 5 - Hora envio del metodo sp: 0 */1 * ? * * 
2024-08-16 09:33:01.769  INFO 24128 --- [main] c.c.p.a.c.controller.DelcopController    : Hora envio del metodo reenvioFacturasNotas: 0 */59 * ? * * 
2024-08-16 09:33:02.467  INFO 24128 --- [main] c.c.periferia.alfa.core.CoreApplication  : Started CoreApplication in 9.137 seconds (JVM running for 9.635)
2024-08-16 09:33:02.635  INFO 24128 --- [main] c.c.periferia.alfa.core.CoreApplication  : Inicia aplicacion
